> Task :compileJava UP-TO-DATE
> Task :processResources
> Task :classes
> Task :resolveMainClassName UP-TO-DATE

> Task :bootRun

  .   ____          _            __ _ _
 /\\ / ___'_ __ _ _(_)_ __  __ _ \ \ \ \
( ( )\___ | '_ | '_| | '_ \/ _` | \ \ \ \
 \\/  ___)| |_)| | | | | || (_| |  ) ) ) )
  '  |____| .__|_| |_|_| |_\__, | / / / /
 =========|_|==============|___/=/_/_/_/

 :: Spring Boot ::                (v4.0.6)

2026-06-21T00:40:49.070+09:00  INFO 9996 --- [community] [           main] com.ktb.community.CommunityApplication   : Starting CommunityApplication using Java 17.0.18 with PID 9996 (C:\Users\USER\OneDrive\ą®Ľ­\week3\KTB4_Neo_Week4\build\classes\java\main started by USER in C:\Users\USER\OneDrive\ą®Ľ­\week3\KTB4_Neo_Week4)
2026-06-21T00:40:49.074+09:00  INFO 9996 --- [community] [           main] com.ktb.community.CommunityApplication   : No active profile set, falling back to 1 default profile: "default"
2026-06-21T00:40:49.659+09:00  INFO 9996 --- [community] [           main] .s.d.r.c.RepositoryConfigurationDelegate : Bootstrapping Spring Data JPA repositories in DEFAULT mode.
2026-06-21T00:40:49.734+09:00  INFO 9996 --- [community] [           main] .s.d.r.c.RepositoryConfigurationDelegate : Finished Spring Data repository scanning in 67 ms. Found 8 JPA repository interfaces.
2026-06-21T00:40:50.253+09:00  INFO 9996 --- [community] [           main] o.s.boot.tomcat.TomcatWebServer          : Tomcat initialized with port 8080 (http)
2026-06-21T00:40:50.266+09:00  INFO 9996 --- [community] [           main] o.apache.catalina.core.StandardService   : Starting service [Tomcat]
2026-06-21T00:40:50.266+09:00  INFO 9996 --- [community] [           main] o.apache.catalina.core.StandardEngine    : Starting Servlet engine: [Apache Tomcat/11.0.21]
2026-06-21T00:40:50.328+09:00  INFO 9996 --- [community] [           main] b.w.c.s.WebApplicationContextInitializer : Root WebApplicationContext: initialization completed in 1210 ms
2026-06-21T00:40:50.512+09:00  INFO 9996 --- [community] [           main] org.hibernate.orm.jpa                    : HHH008540: Processing PersistenceUnitInfo [name: default]
2026-06-21T00:40:50.575+09:00  INFO 9996 --- [community] [           main] org.hibernate.orm.core                   : HHH000001: Hibernate ORM core version 7.2.12.Final
2026-06-21T00:40:51.312+09:00  INFO 9996 --- [community] [           main] o.s.o.j.p.SpringPersistenceUnitInfo      : No LoadTimeWeaver setup: ignoring JPA class transformer
2026-06-21T00:40:51.349+09:00  INFO 9996 --- [community] [           main] com.zaxxer.hikari.HikariDataSource       : HikariPool-1 - Starting...
2026-06-21T00:40:51.535+09:00  INFO 9996 --- [community] [           main] com.zaxxer.hikari.pool.HikariPool        : HikariPool-1 - Added connection conn0: url=jdbc:h2:mem:community user=SA
2026-06-21T00:40:51.537+09:00  INFO 9996 --- [community] [           main] com.zaxxer.hikari.HikariDataSource       : HikariPool-1 - Start completed.
2026-06-21T00:40:51.600+09:00  INFO 9996 --- [community] [           main] org.hibernate.orm.connections.pooling    : HHH10001005: Database info:
	Database JDBC URL [jdbc:h2:mem:community]
	Database driver: H2 JDBC Driver
	Database dialect: H2Dialect
	Database version: 2.4.240
	Default catalog/schema: COMMUNITY/PUBLIC
	Autocommit mode: undefined/unknown
	Isolation level: READ_COMMITTED [default READ_COMMITTED]
	JDBC fetch size: 100
	Pool: DataSourceConnectionProvider
	Minimum pool size: undefined/unknown
	Maximum pool size: undefined/unknown
2026-06-21T00:40:52.598+09:00  INFO 9996 --- [community] [           main] org.hibernate.orm.core                   : HHH000489: No JTA platform available (set 'hibernate.transaction.jta.platform' to enable JTA platform integration)
Hibernate: create table comments (comment_id bigint generated by default as identity, comment_body TEXT not null, created_at timestamp(6) not null, deleted boolean not null, deleted_at timestamp(6), edited boolean not null, updated_at timestamp(6) not null, parent_comment_id bigint, post_id bigint not null, user_id bigint not null, primary key (comment_id))
Hibernate: create table drafts (draft_id bigint generated by default as identity, post_body TEXT, post_image varchar(500), published boolean not null, title varchar(255), updated_at timestamp(6) not null, user_id bigint not null, primary key (draft_id))
Hibernate: create table post_edit_history (history_id bigint generated by default as identity, created_at timestamp(6) not null, post_body TEXT not null, post_id bigint not null, post_image varchar(500), revision_no integer not null, title varchar(255) not null, user_id bigint not null, primary key (history_id))
Hibernate: create table post_likes (post_like_id bigint generated by default as identity, post_id bigint not null, user_id bigint not null, primary key (post_like_id))
Hibernate: create table post_reports (report_id bigint generated by default as identity, processed_at timestamp(6), reason varchar(500), report_type enum ('ABUSE','FRAUD','PORNOGRAPHY','SPAM') not null, reported_at timestamp(6) not null, status enum ('APPROVED','PENDING','REJECTED') not null, post_id bigint not null, user_id bigint not null, primary key (report_id))
Hibernate: create table post_views (post_view_id bigint generated by default as identity, last_viewed_at timestamp(6) not null, post_id bigint not null, user_id bigint not null, primary key (post_view_id))
Hibernate: create table posts (post_id bigint generated by default as identity, blinded boolean not null, comments integer not null, created_at timestamp(6) not null, deleted boolean not null, deleted_at timestamp(6), edited boolean not null, likes integer not null, post_body TEXT not null, post_image varchar(500), title varchar(255) not null, updated_at timestamp(6) not null, views integer not null, user_id bigint not null, primary key (post_id))
Hibernate: create table users (user_id bigint generated by default as identity, created_at timestamp(6) not null, deleted boolean not null, deleted_at timestamp(6), email varchar(255) not null, nickname varchar(255) not null, password varchar(255) not null, profile_image varchar(500), updated_at timestamp(6) not null, primary key (user_id))
Hibernate: alter table if exists post_edit_history drop constraint if exists uq_post_edit_history_post_revision
Hibernate: alter table if exists post_edit_history add constraint uq_post_edit_history_post_revision unique (post_id, revision_no)
Hibernate: alter table if exists post_likes drop constraint if exists uq_post_likes_post_user
Hibernate: alter table if exists post_likes add constraint uq_post_likes_post_user unique (post_id, user_id)
Hibernate: alter table if exists post_reports drop constraint if exists uq_post_reports_post_user
Hibernate: alter table if exists post_reports add constraint uq_post_reports_post_user unique (post_id, user_id)
Hibernate: alter table if exists post_views drop constraint if exists uq_post_views_post_user
Hibernate: alter table if exists post_views add constraint uq_post_views_post_user unique (post_id, user_id)
Hibernate: alter table if exists users drop constraint if exists UK6dotkott2kjsp8vw4d0m25fb7
Hibernate: alter table if exists users add constraint UK6dotkott2kjsp8vw4d0m25fb7 unique (email)
Hibernate: alter table if exists users drop constraint if exists UK2ty1xmrrgtn89xt7kyxx6ta7h
Hibernate: alter table if exists users add constraint UK2ty1xmrrgtn89xt7kyxx6ta7h unique (nickname)
Hibernate: alter table if exists comments add constraint FK7h839m3lkvhbyv3bcdv7sm4fj foreign key (parent_comment_id) references comments
Hibernate: alter table if exists comments add constraint FKh4c7lvsc298whoyd4w9ta25cr foreign key (post_id) references posts
Hibernate: alter table if exists comments add constraint FK8omq0tc18jd43bu5tjh6jvraq foreign key (user_id) references users
Hibernate: alter table if exists drafts add constraint FKt095aluslcpg80yhy8bp2t6ux foreign key (user_id) references users
Hibernate: alter table if exists post_likes add constraint FKa5wxsgl4doibhbed9gm7ikie2 foreign key (post_id) references posts
Hibernate: alter table if exists post_likes add constraint FKkgau5n0nlewg6o9lr4yibqgxj foreign key (user_id) references users
Hibernate: alter table if exists post_reports add constraint FK7ccpkj5jys037f9pq98l31ya2 foreign key (post_id) references posts
Hibernate: alter table if exists post_reports add constraint FKjbr6kyo7ktru61roraoi7kjtm foreign key (user_id) references users
Hibernate: alter table if exists post_views add constraint FKm1fm9hc7487k4j6qd2g1iq0k2 foreign key (post_id) references posts
Hibernate: alter table if exists post_views add constraint FKiiwykhlbhjwi5cxxcx9n76cd6 foreign key (user_id) references users
Hibernate: alter table if exists posts add constraint FK5lidm6cqbc7u4xhqpxm898qme foreign key (user_id) references users
2026-06-21T00:40:52.693+09:00  INFO 9996 --- [community] [           main] j.LocalContainerEntityManagerFactoryBean : Initialized JPA EntityManagerFactory for persistence unit 'default'
2026-06-21T00:40:52.756+09:00  INFO 9996 --- [community] [           main] o.s.d.j.r.query.QueryEnhancerFactories   : Hibernate is in classpath; If applicable, HQL parser will be used.
2026-06-21T00:40:53.058+09:00  WARN 9996 --- [community] [           main] JpaBaseConfiguration$JpaWebConfiguration : spring.jpa.open-in-view is enabled by default. Therefore, database queries may be performed during view rendering. Explicitly configure spring.jpa.open-in-view to disable this warning
2026-06-21T00:40:53.317+09:00  INFO 9996 --- [community] [           main] o.s.b.h.a.H2ConsoleAutoConfiguration     : H2 console available at '/h2-console'. Database available at 'jdbc:h2:mem:community'
2026-06-21T00:40:53.368+09:00  INFO 9996 --- [community] [           main] o.s.boot.tomcat.TomcatWebServer          : Tomcat started on port 8080 (http) with context path '/'
2026-06-21T00:40:53.373+09:00  INFO 9996 --- [community] [           main] com.ktb.community.CommunityApplication   : Started CommunityApplication in 4.754 seconds (process running for 5.155)
2026-06-21T00:41:26.032+09:00  INFO 9996 --- [community] [nio-8080-exec-8] o.a.c.c.C.[Tomcat].[localhost].[/]       : Initializing Spring DispatcherServlet 'dispatcherServlet'
2026-06-21T00:41:26.033+09:00  INFO 9996 --- [community] [nio-8080-exec-8] o.s.web.servlet.DispatcherServlet        : Initializing Servlet 'dispatcherServlet'
2026-06-21T00:41:26.034+09:00  INFO 9996 --- [community] [nio-8080-exec-8] o.s.web.servlet.DispatcherServlet        : Completed initialization in 1 ms
Hibernate: select u1_0.user_id from users u1_0 where u1_0.email=? fetch first ? rows only
Hibernate: select u1_0.user_id from users u1_0 where u1_0.nickname=? fetch first ? rows only
Hibernate: insert into users (created_at,deleted,deleted_at,email,nickname,password,profile_image,updated_at,user_id) values (?,?,?,?,?,?,?,?,default)
Hibernate: select u1_0.user_id from users u1_0 where u1_0.email=? fetch first ? rows only
Hibernate: select u1_0.user_id from users u1_0 where u1_0.nickname=? fetch first ? rows only
Hibernate: insert into users (created_at,deleted,deleted_at,email,nickname,password,profile_image,updated_at,user_id) values (?,?,?,?,?,?,?,?,default)
Hibernate: select u1_0.user_id from users u1_0 where u1_0.email=? fetch first ? rows only
Hibernate: select u1_0.user_id from users u1_0 where u1_0.nickname=? fetch first ? rows only
Hibernate: insert into users (created_at,deleted,deleted_at,email,nickname,password,profile_image,updated_at,user_id) values (?,?,?,?,?,?,?,?,default)
Hibernate: select u1_0.user_id,u1_0.created_at,u1_0.deleted,u1_0.deleted_at,u1_0.email,u1_0.nickname,u1_0.password,u1_0.profile_image,u1_0.updated_at from users u1_0 where u1_0.email=?

> Task :bootRun FAILED
4 actionable tasks: 2 executed, 2 up-to-date
